{"level":"info","msg":"Using namespace '\u001b[1;37mvcluster\u001b[0m'","time":"2022-01-18T16:00:12+01:00"}
{"level":"info","msg":"Using kube context '\u001b[1;37mdocker-desktop\u001b[0m'","time":"2022-01-18T16:00:12+01:00"}
{"level":"info","msg":"Using namespace '\u001b[1;37mvcluster\u001b[0m'","time":"2022-01-18T16:00:45+01:00"}
{"level":"info","msg":"Using kube context '\u001b[1;37mdocker-desktop\u001b[0m'","time":"2022-01-18T16:00:45+01:00"}
{"level":"info","msg":"Created namespace: vcluster","time":"2022-01-18T16:00:45+01:00"}
{"level":"info","msg":"Created image pull secret vcluster/devspace-auth-docker","time":"2022-01-18T16:00:45+01:00"}
{"level":"info","msg":"Rebuild image  because tag is missing","time":"2022-01-18T16:00:45+01:00"}
{"level":"info","msg":"Building image 'loftsh/vcluster-car-plugin:NhZZIUd' with engine 'docker'","time":"2022-01-18T16:00:45+01:00"}
{"level":"info","msg":"Skip image push for loftsh/vcluster-car-plugin","time":"2022-01-18T16:01:12+01:00"}
{"level":"info","msg":"Done processing image 'loftsh/vcluster-car-plugin'","time":"2022-01-18T16:01:12+01:00"}
{"level":"info","msg":"Execute 'helm upgrade vcluster --namespace vcluster --values /var/folders/02/z5zswkd114n6hwbfqz3l73yr0000gn/T/1626019659 --install vcluster --repo https://charts.loft.sh --repository-config='' --version 0.6.0-alpha.4 --kube-context docker-desktop'","time":"2022-01-18T16:01:12+01:00"}
{"level":"info","msg":"Deployed helm chart (Release revision: 1)","time":"2022-01-18T16:01:18+01:00"}
{"level":"info","msg":"Successfully deployed vcluster with helm","time":"2022-01-18T16:01:18+01:00"}
{"level":"info","msg":"DevSpace UI available at: \u001b[1;37mhttp://localhost:8090\u001b[0m","time":"2022-01-18T16:01:18+01:00"}
{"level":"info","msg":"Terminal: Waiting for containers to start...","time":"2022-01-18T16:01:36+01:00"}
{"level":"info","msg":"Opening shell to pod:container \u001b[1;37mvcluster-0\u001b[0m:\u001b[1;37mcar\u001b[0m","time":"2022-01-18T16:01:37+01:00"}
{"level":"info","msg":"Using namespace '\u001b[1;37mvcluster\u001b[0m'","time":"2022-01-18T16:02:48+01:00"}
{"level":"info","msg":"Using kube context '\u001b[1;37mdocker-desktop\u001b[0m'","time":"2022-01-18T16:02:48+01:00"}
{"level":"info","msg":"Skip building image 'vcluster'","time":"2022-01-18T16:02:48+01:00"}
{"level":"info","msg":"Skipping deployment vcluster","time":"2022-01-18T16:02:48+01:00"}
{"level":"info","msg":"DevSpace UI available at: \u001b[1;37mhttp://localhost:8090\u001b[0m","time":"2022-01-18T16:02:48+01:00"}
{"level":"info","msg":"Terminal: Waiting for containers to start...","time":"2022-01-18T16:02:51+01:00"}
{"level":"info","msg":"Opening shell to pod:container \u001b[1;37mvcluster-0\u001b[0m:\u001b[1;37mcar\u001b[0m","time":"2022-01-18T16:02:52+01:00"}
{"level":"info","msg":"Using namespace '\u001b[1;37mvcluster\u001b[0m'","time":"2022-01-18T16:04:03+01:00"}
{"level":"info","msg":"Using kube context '\u001b[1;37mdocker-desktop\u001b[0m'","time":"2022-01-18T16:04:03+01:00"}
{"level":"info","msg":"Created namespace: vcluster","time":"2022-01-18T16:04:03+01:00"}
{"level":"info","msg":"Created image pull secret vcluster/devspace-auth-docker","time":"2022-01-18T16:04:03+01:00"}
{"level":"info","msg":"Skip building image 'vcluster'","time":"2022-01-18T16:04:03+01:00"}
{"level":"info","msg":"Execute 'helm upgrade vcluster --namespace vcluster --values /var/folders/02/z5zswkd114n6hwbfqz3l73yr0000gn/T/2107831575 --install vcluster --repo https://charts.loft.sh --repository-config='' --version 0.6.0-alpha.4 --kube-context docker-desktop'","time":"2022-01-18T16:04:04+01:00"}
{"level":"info","msg":"Deployed helm chart (Release revision: 1)","time":"2022-01-18T16:04:07+01:00"}
{"level":"info","msg":"Successfully deployed vcluster with helm","time":"2022-01-18T16:04:07+01:00"}
{"level":"info","msg":"Execute hook '\u001b[1;37mApply Car Manifests\u001b[0m' at \u001b[1;37mafter:deploy\u001b[0m","time":"2022-01-18T16:04:07+01:00"}
{"level":"info","msg":"DevSpace UI available at: \u001b[1;37mhttp://localhost:8090\u001b[0m","time":"2022-01-18T16:04:07+01:00"}
{"level":"info","msg":"Terminal: Waiting for containers to start...","time":"2022-01-18T16:04:16+01:00"}
{"level":"info","msg":"Opening shell to pod:container \u001b[1;37mvcluster-0\u001b[0m:\u001b[1;37mcar\u001b[0m","time":"2022-01-18T16:04:17+01:00"}
{"level":"info","msg":"Using namespace '\u001b[1;37mvcluster\u001b[0m'","time":"2022-01-18T16:10:50+01:00"}
{"level":"info","msg":"Using kube context '\u001b[1;37mdocker-desktop\u001b[0m'","time":"2022-01-18T16:10:50+01:00"}
{"level":"info","msg":"Skip building image 'vcluster'","time":"2022-01-18T16:10:51+01:00"}
{"level":"info","msg":"Skipping deployment vcluster","time":"2022-01-18T16:10:51+01:00"}
{"level":"info","msg":"Execute hook '\u001b[1;37mApply Car Manifests\u001b[0m' at \u001b[1;37mafter:deploy\u001b[0m","time":"2022-01-18T16:10:51+01:00"}
{"level":"info","msg":"DevSpace UI available at: \u001b[1;37mhttp://localhost:8090\u001b[0m","time":"2022-01-18T16:10:51+01:00"}
{"level":"info","msg":"Terminal: Waiting for containers to start...","time":"2022-01-18T16:10:57+01:00"}
{"level":"info","msg":"Opening shell to pod:container \u001b[1;37mvcluster-0\u001b[0m:\u001b[1;37mcar\u001b[0m","time":"2022-01-18T16:10:58+01:00"}
{"level":"info","msg":"Using namespace '\u001b[1;37mvcluster\u001b[0m'","time":"2022-01-18T16:11:47+01:00"}
{"level":"info","msg":"Using kube context '\u001b[1;37mdocker-desktop\u001b[0m'","time":"2022-01-18T16:11:47+01:00"}
{"level":"info","msg":"Skip building image 'vcluster'","time":"2022-01-18T16:11:47+01:00"}
{"level":"info","msg":"Skipping deployment vcluster","time":"2022-01-18T16:11:48+01:00"}
{"level":"info","msg":"Execute hook '\u001b[1;37mApply Car Manifests\u001b[0m' at \u001b[1;37mafter:deploy\u001b[0m","time":"2022-01-18T16:11:48+01:00"}
{"level":"info","msg":"DevSpace UI available at: \u001b[1;37mhttp://localhost:8090\u001b[0m","time":"2022-01-18T16:11:48+01:00"}
{"level":"info","msg":"Terminal: Waiting for containers to start...","time":"2022-01-18T16:11:51+01:00"}
{"level":"info","msg":"Opening shell to pod:container \u001b[1;37mvcluster-0\u001b[0m:\u001b[1;37mcar\u001b[0m","time":"2022-01-18T16:11:52+01:00"}
