{"level":"info","msg":"[0:sync] Trying to download devspacehelper into pod vcluster/vcluster-0","time":"2022-01-18T16:01:31+01:00"}
{"level":"info","msg":"[0:sync] Successfully injected devspacehelper into pod vcluster/vcluster-0","time":"2022-01-18T16:01:35+01:00"}
{"level":"info","msg":"[0:sync] Start syncing","time":"2022-01-18T16:01:35+01:00"}
{"level":"info","msg":"[0:sync] Helper - Use inotify as watching method in container","time":"2022-01-18T16:01:35+01:00"}
{"level":"info","msg":"[0:sync] Downstream - Initial sync completed","time":"2022-01-18T16:01:36+01:00"}
{"level":"info","msg":"[0:sync] Upstream - Initial sync completed","time":"2022-01-18T16:01:36+01:00"}
{"level":"info","msg":"[0:sync] Start syncing","time":"2022-01-18T16:02:50+01:00"}
{"level":"info","msg":"[0:sync] Helper - Use inotify as watching method in container","time":"2022-01-18T16:02:51+01:00"}
{"level":"info","msg":"[0:sync] Downstream - Initial sync completed","time":"2022-01-18T16:02:51+01:00"}
{"level":"info","msg":"[0:sync] Upstream - Initial sync completed","time":"2022-01-18T16:02:51+01:00"}
{"level":"info","msg":"[0:sync] Trying to download devspacehelper into pod vcluster/vcluster-0","time":"2022-01-18T16:04:10+01:00"}
{"level":"info","msg":"[0:sync] Successfully injected devspacehelper into pod vcluster/vcluster-0","time":"2022-01-18T16:04:15+01:00"}
{"level":"info","msg":"[0:sync] Start syncing","time":"2022-01-18T16:04:15+01:00"}
{"level":"info","msg":"[0:sync] Helper - Use inotify as watching method in container","time":"2022-01-18T16:04:15+01:00"}
{"level":"info","msg":"[0:sync] Downstream - Initial sync completed","time":"2022-01-18T16:04:16+01:00"}
{"level":"info","msg":"[0:sync] Upstream - Initial sync completed","time":"2022-01-18T16:04:16+01:00"}
{"level":"info","msg":"[0:sync] Start syncing","time":"2022-01-18T16:10:54+01:00"}
{"level":"info","msg":"[0:sync] Helper - Use inotify as watching method in container","time":"2022-01-18T16:10:54+01:00"}
{"level":"info","msg":"[0:sync] Downstream - Initial sync completed","time":"2022-01-18T16:10:54+01:00"}
{"level":"info","msg":"[0:sync] Upstream - Upload File 'devspace_start.sh'","time":"2022-01-18T16:10:55+01:00"}
{"level":"info","msg":"[0:sync] Upstream - Upload 1 create change(s) (Uncompressed ~1.87 KB)","time":"2022-01-18T16:10:55+01:00"}
{"level":"info","msg":"[0:sync] Upstream - Successfully processed 1 change(s)","time":"2022-01-18T16:10:55+01:00"}
{"level":"info","msg":"[0:sync] Upstream - Initial sync completed","time":"2022-01-18T16:10:57+01:00"}
{"level":"info","msg":"[0:sync] Upstream - Upload File 'devspace_start.sh'","time":"2022-01-18T16:11:38+01:00"}
{"level":"info","msg":"[0:sync] Upstream - Upload 1 create change(s) (Uncompressed ~1.76 KB)","time":"2022-01-18T16:11:38+01:00"}
{"level":"info","msg":"[0:sync] Upstream - Successfully processed 1 change(s)","time":"2022-01-18T16:11:38+01:00"}
{"level":"info","msg":"[0:sync] Start syncing","time":"2022-01-18T16:11:50+01:00"}
{"level":"info","msg":"[0:sync] Helper - Use inotify as watching method in container","time":"2022-01-18T16:11:50+01:00"}
{"level":"info","msg":"[0:sync] Downstream - Initial sync completed","time":"2022-01-18T16:11:51+01:00"}
{"level":"info","msg":"[0:sync] Upstream - Initial sync completed","time":"2022-01-18T16:11:51+01:00"}
{"level":"info","msg":"[0:sync] Upstream - Upload File 'go.mod'","time":"2022-01-18T16:13:05+01:00"}
{"level":"info","msg":"[0:sync] Upstream - Upload 1 create change(s) (Uncompressed ~4.95 KB)","time":"2022-01-18T16:13:05+01:00"}
{"level":"info","msg":"[0:sync] Upstream - Successfully processed 1 change(s)","time":"2022-01-18T16:13:05+01:00"}
